-- The C compiler identification is GNU 9.2.0
-- The CXX compiler identification is GNU 9.2.0
-- Detecting C compiler ABI info
-- Detecting C compiler ABI info - done
-- Check for working C compiler: /apps2/gcc/9.2.0/bin/cc - skipped
-- Detecting C compile features
-- Detecting C compile features - done
-- Detecting CXX compiler ABI info
-- Detecting CXX compiler ABI info - failed
-- Check for working CXX compiler: /apps2/gcc/9.2.0/bin/c++
-- Check for working CXX compiler: /apps2/gcc/9.2.0/bin/c++ - broken
CMake Error at /gpfs/gpfs1/apps2/cmake/spack/opt/spack/linux-rhel6-westmere/gcc-9.2.0/cmake-3.20.1-w2pdjhvayp4xiyledctu2d4hrapwq6fm/share/cmake-3.20/Modules/CMakeTestCXXCompiler.cmake:59 (message):
  The C++ compiler

    "/apps2/gcc/9.2.0/bin/c++"

  is not able to compile a simple test program.

  It fails with the following output:

    Change Dir: /home/com22009/gaussian-free-fields-reu/simulations/build/CMakeFiles/CMakeTmp
    
    Run Build Command(s):/bin/gmake -f Makefile cmTC_8eba5/fast && /bin/gmake  -f CMakeFiles/cmTC_8eba5.dir/build.make CMakeFiles/cmTC_8eba5.dir/build
    gmake[1]: Entering directory `/home/com22009/gaussian-free-fields-reu/simulations/build/CMakeFiles/CMakeTmp'
    Building CXX object CMakeFiles/cmTC_8eba5.dir/testCXXCompiler.cxx.o
    /apps2/gcc/9.2.0/bin/c++   -std=c++14 -Wall -std=c++14 -Wall -std=c++14 -Wall -std=c++14 -Wall -std=c++14 -Wall -std=c++14 -Wall -std=c++11 -Wall -std=c++11 -Wall -std=c++11 -pthread -Wall -std=c++11 -pthread -Wall -std=c++11 -pthread -Wall -std=c++11 -pthread -Wall -D_GLIBCXX_USE_CXX11_ABI=0  -std=c++11 -pthread -Wall -D_GLIBCXX_USE_CXX11_ABI=0  -std=c++11 -pthread -Wall -D_GLIBCXX_USE_CXX11_ABI=0  -std=c++11 -pthread -Wall -libstdc++   -std=c++11 -pthread -Wall -static-libstdc++   -std=c++11 -pthread -Wall -static-libstdc++   -B -std=c++11 -pthread -Wall -libstdc++   -B -std=c++11 -pthread -Wall -static-libstdc++   -std=c++11 -pthread -Wall  -std=c++11 -pthread -Wall  -std=c++11 -pthread -Wall  -std=c++11 -pthread -Wall   -o CMakeFiles/cmTC_8eba5.dir/testCXXCompiler.cxx.o -c /home/com22009/gaussian-free-fields-reu/simulations/build/CMakeFiles/CMakeTmp/testCXXCompiler.cxx
    Linking CXX executable cmTC_8eba5
    /gpfs/gpfs1/apps2/cmake/spack/opt/spack/linux-rhel6-westmere/gcc-9.2.0/cmake-3.20.1-w2pdjhvayp4xiyledctu2d4hrapwq6fm/bin/cmake -E cmake_link_script CMakeFiles/cmTC_8eba5.dir/link.txt --verbose=1
    /apps2/gcc/9.2.0/bin/c++  -std=c++14 -Wall -std=c++14 -Wall -std=c++14 -Wall -std=c++14 -Wall -std=c++14 -Wall -std=c++14 -Wall -std=c++11 -Wall -std=c++11 -Wall -std=c++11 -pthread -Wall -std=c++11 -pthread -Wall -std=c++11 -pthread -Wall -std=c++11 -pthread -Wall -D_GLIBCXX_USE_CXX11_ABI=0  -std=c++11 -pthread -Wall -D_GLIBCXX_USE_CXX11_ABI=0  -std=c++11 -pthread -Wall -D_GLIBCXX_USE_CXX11_ABI=0  -std=c++11 -pthread -Wall -libstdc++   -std=c++11 -pthread -Wall -static-libstdc++   -std=c++11 -pthread -Wall -static-libstdc++   -B -std=c++11 -pthread -Wall -libstdc++   -B -std=c++11 -pthread -Wall -static-libstdc++   -std=c++11 -pthread -Wall  -std=c++11 -pthread -Wall  -std=c++11 -pthread -Wall  -std=c++11 -pthread -Wall   CMakeFiles/cmTC_8eba5.dir/testCXXCompiler.cxx.o -o cmTC_8eba5 
    /bin/ld: cannot find -libstdc++
    /bin/ld: cannot find -libstdc++
    collect2: error: ld returned 1 exit status
    gmake[1]: *** [cmTC_8eba5] Error 1
    gmake[1]: Leaving directory `/home/com22009/gaussian-free-fields-reu/simulations/build/CMakeFiles/CMakeTmp'
    gmake: *** [cmTC_8eba5/fast] Error 2
    
    

  

  CMake will not be able to correctly generate this project.
Call Stack (most recent call first):
  CMakeLists.txt:16 (project)


-- Configuring incomplete, errors occurred!
See also "/home/com22009/gaussian-free-fields-reu/simulations/build/CMakeFiles/CMakeOutput.log".
See also "/home/com22009/gaussian-free-fields-reu/simulations/build/CMakeFiles/CMakeError.log".
/var/spool/slurmd/job13333490/slurm_script: line 26: ./run_driver: No such file or directory
